<?xml version="1.0" encoding="UTF-8"?>
<!-- Generated by org.testng.reporters.JUnitReportReporter -->
<testsuite skipped="0" hostname="LAPTOP-VU0KHJRO" name="tests.FBLoginTestDataProvider" tests="5" failures="0" timestamp="2020-12-01T10:34:36 IST" time="92.918" errors="0">
  <testcase name="loginTest" time="19.115" classname="tests.FBLoginTestDataProvider"/>
  <system-out>
Blank/Nondomain email address test passed  </system-out>
  <testcase name="loginTest" time="16.047" classname="tests.FBLoginTestDataProvider"/>
  <system-out>
Invalid email address test passed  </system-out>
  <testcase name="loginTest" time="17.719" classname="tests.FBLoginTestDataProvider"/>
  <system-out>
Blank/Invalid password test passed  </system-out>
  <testcase name="loginTest" time="15.729" classname="tests.FBLoginTestDataProvider"/>
  <system-out>
Blank/Invalid password test passed  </system-out>
  <testcase name="loginTest" time="24.308" classname="tests.FBLoginTestDataProvider"/>
  <system-out>
Login test passed  </system-out>
</testsuite> <!-- tests.FBLoginTestDataProvider -->
