<?xml version="1.0" encoding="UTF-8"?>
<!-- Generated by org.testng.reporters.JUnitReportReporter -->
<testsuite skipped="0" hostname="LAPTOP-VU0KHJRO" name="tests.FBLoginTest" tests="15" failures="0" timestamp="2020-12-01T10:32:33 IST" time="290.284" errors="0">
  <testcase name="launchSite" time="54.077" classname="tests.FBLoginTest"/>
  <system-out/>
  <testcase name="launchSite" time="40.458" classname="tests.FBLoginTest"/>
  <system-out/>
  <testcase name="launchSite" time="25.174" classname="tests.FBLoginTest"/>
  <system-out/>
  <testcase name="launchSite" time="50.602" classname="tests.FBLoginTest"/>
  <system-out/>
  <testcase name="launchSite" time="54.245" classname="tests.FBLoginTest"/>
  <system-out/>
  <testcase name="loginTest" time="8.402" classname="tests.FBLoginTest"/>
  <system-out>
Blank/Invalid password test passed  </system-out>
  <testcase name="loginTest" time="13.449" classname="tests.FBLoginTest"/>
  <system-out>
Invalid email address test passed  </system-out>
  <testcase name="loginTest" time="11.532" classname="tests.FBLoginTest"/>
  <system-out>
Blank/Invalid password test passed  </system-out>
  <testcase name="loginTest" time="7.665" classname="tests.FBLoginTest"/>
  <system-out>
Blank/Nondomain email address test passed  </system-out>
  <testcase name="loginTest" time="11.301" classname="tests.FBLoginTest"/>
  <system-out/>
  <testcase name="closeSite" time="1.200" classname="tests.FBLoginTest"/>
  <system-out/>
  <testcase name="closeSite" time="2.798" classname="tests.FBLoginTest"/>
  <system-out/>
  <testcase name="closeSite" time="3.172" classname="tests.FBLoginTest"/>
  <system-out/>
  <testcase name="closeSite" time="4.152" classname="tests.FBLoginTest"/>
  <system-out/>
  <testcase name="closeSite" time="2.057" classname="tests.FBLoginTest"/>
  <system-out/>
</testsuite> <!-- tests.FBLoginTest -->
