<?xml version="1.0" encoding="UTF-8"?>
<!-- Generated by org.testng.reporters.JUnitReportReporter -->
<testsuite skipped="0" hostname="LAPTOP-VU0KHJRO" name="tests.GoogleTitleTestWithAnnotations2" tests="1" failures="0" timestamp="2020-12-01T14:22:45 IST" time="17.987" errors="0">
  <testcase name="titleTest" time="17.987" classname="tests.GoogleTitleTestWithAnnotations2"/>
  <system-out>
Title test passed  </system-out>
</testsuite> <!-- tests.GoogleTitleTestWithAnnotations2 -->
