<?xml version="1.0" encoding="UTF-8"?>
<!-- Generated by org.testng.reporters.JUnitReportReporter -->
<testsuite skipped="0" hostname="LAPTOP-VU0KHJRO" name="tests.FBLoginTestDataProviderClass" tests="5" failures="0" timestamp="2020-12-01T10:36:19 IST" time="82.263" errors="0">
  <testcase name="loginTest" time="16.109" classname="tests.FBLoginTestDataProviderClass"/>
  <system-out>
Blank/Invalid password test passed  </system-out>
  <testcase name="loginTest" time="15.809" classname="tests.FBLoginTestDataProviderClass"/>
  <system-out>
Invalid email address test passed  </system-out>
  <testcase name="loginTest" time="18.781" classname="tests.FBLoginTestDataProviderClass"/>
  <system-out>
Blank/Nondomain email address test passed  </system-out>
  <testcase name="loginTest" time="15.467" classname="tests.FBLoginTestDataProviderClass"/>
  <system-out>
Blank/Invalid password test passed  </system-out>
  <testcase name="loginTest" time="16.097" classname="tests.FBLoginTestDataProviderClass"/>
  <system-out/>
</testsuite> <!-- tests.FBLoginTestDataProviderClass -->
