<?xml version="1.0" encoding="UTF-8"?>
<!-- Generated by org.testng.reporters.JUnitReportReporter -->
<testsuite skipped="0" hostname="LAPTOP-VU0KHJRO" name="tests.GoogleTitleTestWithAnnotations" tests="5" failures="0" timestamp="2020-12-01T14:21:50 IST" time="896.422" errors="0">
  <testcase name="enterWordtoSearch" time="881.457" classname="tests.GoogleTitleTestWithAnnotations"/>
  <system-out/>
  <testcase name="launchBrowser" time="7.414" classname="tests.GoogleTitleTestWithAnnotations"/>
  <system-out/>
  <testcase name="launchSite" time="4.572" classname="tests.GoogleTitleTestWithAnnotations"/>
  <system-out/>
  <testcase name="titleTest" time="1.951" classname="tests.GoogleTitleTestWithAnnotations"/>
  <system-out>
Title test passed  </system-out>
  <testcase name="closeSite" time="1.028" classname="tests.GoogleTitleTestWithAnnotations"/>
  <system-out/>
</testsuite> <!-- tests.GoogleTitleTestWithAnnotations -->
